mode: set
github.com/geoscienceaustralia/go-rtcm/pkgs/rtcm3/glonass.go:9.38,15.2 5 0
github.com/geoscienceaustralia/go-rtcm/pkgs/rtcm3/glonass.go:17.43,22.2 4 0
github.com/geoscienceaustralia/go-rtcm/pkgs/rtcm3/glonass.go:34.59,36.2 1 0
github.com/geoscienceaustralia/go-rtcm/pkgs/rtcm3/glonass.go:38.52,40.2 1 0
github.com/geoscienceaustralia/go-rtcm/pkgs/rtcm3/glonass.go:42.76,52.2 1 1
github.com/geoscienceaustralia/go-rtcm/pkgs/rtcm3/glonass.go:54.85,63.2 8 1
github.com/geoscienceaustralia/go-rtcm/pkgs/rtcm3/glonass.go:74.88,75.33 1 1
github.com/geoscienceaustralia/go-rtcm/pkgs/rtcm3/glonass.go:85.5,85.19 1 1
github.com/geoscienceaustralia/go-rtcm/pkgs/rtcm3/glonass.go:75.33,84.6 1 1
github.com/geoscienceaustralia/go-rtcm/pkgs/rtcm3/glonass.go:93.60,100.2 4 1
github.com/geoscienceaustralia/go-rtcm/pkgs/rtcm3/glonass.go:102.43,106.38 4 1
github.com/geoscienceaustralia/go-rtcm/pkgs/rtcm3/glonass.go:114.5,116.16 3 1
github.com/geoscienceaustralia/go-rtcm/pkgs/rtcm3/glonass.go:106.38,113.6 6 1
github.com/geoscienceaustralia/go-rtcm/pkgs/rtcm3/glonass.go:130.88,131.33 1 1
github.com/geoscienceaustralia/go-rtcm/pkgs/rtcm3/glonass.go:143.5,143.19 1 1
github.com/geoscienceaustralia/go-rtcm/pkgs/rtcm3/glonass.go:131.33,142.6 1 1
github.com/geoscienceaustralia/go-rtcm/pkgs/rtcm3/glonass.go:151.60,158.2 4 1
github.com/geoscienceaustralia/go-rtcm/pkgs/rtcm3/glonass.go:160.43,164.38 4 1
github.com/geoscienceaustralia/go-rtcm/pkgs/rtcm3/glonass.go:174.5,176.16 3 1
github.com/geoscienceaustralia/go-rtcm/pkgs/rtcm3/glonass.go:164.38,173.6 8 1
github.com/geoscienceaustralia/go-rtcm/pkgs/rtcm3/glonass.go:193.88,194.33 1 1
github.com/geoscienceaustralia/go-rtcm/pkgs/rtcm3/glonass.go:208.5,208.19 1 1
github.com/geoscienceaustralia/go-rtcm/pkgs/rtcm3/glonass.go:194.33,207.6 1 1
github.com/geoscienceaustralia/go-rtcm/pkgs/rtcm3/glonass.go:216.60,223.2 4 1
github.com/geoscienceaustralia/go-rtcm/pkgs/rtcm3/glonass.go:225.43,229.38 4 1
github.com/geoscienceaustralia/go-rtcm/pkgs/rtcm3/glonass.go:241.5,243.16 3 1
github.com/geoscienceaustralia/go-rtcm/pkgs/rtcm3/glonass.go:229.38,240.6 10 1
github.com/geoscienceaustralia/go-rtcm/pkgs/rtcm3/glonass.go:263.88,264.33 1 1
github.com/geoscienceaustralia/go-rtcm/pkgs/rtcm3/glonass.go:281.5,281.19 1 1
github.com/geoscienceaustralia/go-rtcm/pkgs/rtcm3/glonass.go:264.33,280.6 1 1
github.com/geoscienceaustralia/go-rtcm/pkgs/rtcm3/glonass.go:289.60,296.2 4 1
github.com/geoscienceaustralia/go-rtcm/pkgs/rtcm3/glonass.go:298.43,302.38 4 1
github.com/geoscienceaustralia/go-rtcm/pkgs/rtcm3/glonass.go:317.5,319.16 3 1
github.com/geoscienceaustralia/go-rtcm/pkgs/rtcm3/glonass.go:302.38,316.6 13 1
github.com/geoscienceaustralia/go-rtcm/pkgs/rtcm3/glonass.go:362.40,364.2 1 0
github.com/geoscienceaustralia/go-rtcm/pkgs/rtcm3/glonass.go:366.54,407.2 2 1
github.com/geoscienceaustralia/go-rtcm/pkgs/rtcm3/glonass.go:409.43,451.2 41 1
github.com/geoscienceaustralia/go-rtcm/pkgs/rtcm3/glonass.go:465.40,467.2 1 0
github.com/geoscienceaustralia/go-rtcm/pkgs/rtcm3/glonass.go:469.60,478.35 3 0
github.com/geoscienceaustralia/go-rtcm/pkgs/rtcm3/glonass.go:481.5,481.35 1 0
github.com/geoscienceaustralia/go-rtcm/pkgs/rtcm3/glonass.go:484.5,484.35 1 0
github.com/geoscienceaustralia/go-rtcm/pkgs/rtcm3/glonass.go:487.5,487.35 1 0
github.com/geoscienceaustralia/go-rtcm/pkgs/rtcm3/glonass.go:490.5,490.15 1 0
github.com/geoscienceaustralia/go-rtcm/pkgs/rtcm3/glonass.go:478.35,480.6 1 0
github.com/geoscienceaustralia/go-rtcm/pkgs/rtcm3/glonass.go:481.35,483.6 1 0
github.com/geoscienceaustralia/go-rtcm/pkgs/rtcm3/glonass.go:484.35,486.6 1 0
github.com/geoscienceaustralia/go-rtcm/pkgs/rtcm3/glonass.go:487.35,489.6 1 0
github.com/geoscienceaustralia/go-rtcm/pkgs/rtcm3/glonass.go:493.43,502.35 9 0
github.com/geoscienceaustralia/go-rtcm/pkgs/rtcm3/glonass.go:505.5,505.35 1 0
github.com/geoscienceaustralia/go-rtcm/pkgs/rtcm3/glonass.go:508.5,508.35 1 0
github.com/geoscienceaustralia/go-rtcm/pkgs/rtcm3/glonass.go:511.5,511.35 1 0
github.com/geoscienceaustralia/go-rtcm/pkgs/rtcm3/glonass.go:514.5,514.16 1 0
github.com/geoscienceaustralia/go-rtcm/pkgs/rtcm3/glonass.go:502.35,504.6 1 0
github.com/geoscienceaustralia/go-rtcm/pkgs/rtcm3/glonass.go:505.35,507.6 1 0
github.com/geoscienceaustralia/go-rtcm/pkgs/rtcm3/glonass.go:508.35,510.6 1 0
github.com/geoscienceaustralia/go-rtcm/pkgs/rtcm3/glonass.go:511.35,513.6 1 0
github.com/geoscienceaustralia/go-rtcm/pkgs/rtcm3/msm.go:26.55,45.2 4 1
github.com/geoscienceaustralia/go-rtcm/pkgs/rtcm3/msm.go:47.60,62.2 14 1
github.com/geoscienceaustralia/go-rtcm/pkgs/rtcm3/msm.go:71.92,72.31 1 1
github.com/geoscienceaustralia/go-rtcm/pkgs/rtcm3/msm.go:75.5,75.31 1 1
github.com/geoscienceaustralia/go-rtcm/pkgs/rtcm3/msm.go:78.5,78.31 1 1
github.com/geoscienceaustralia/go-rtcm/pkgs/rtcm3/msm.go:81.5,81.31 1 1
github.com/geoscienceaustralia/go-rtcm/pkgs/rtcm3/msm.go:84.5,84.19 1 1
github.com/geoscienceaustralia/go-rtcm/pkgs/rtcm3/msm.go:72.31,74.6 1 1
github.com/geoscienceaustralia/go-rtcm/pkgs/rtcm3/msm.go:75.31,77.6 1 1
github.com/geoscienceaustralia/go-rtcm/pkgs/rtcm3/msm.go:78.31,80.6 1 1
github.com/geoscienceaustralia/go-rtcm/pkgs/rtcm3/msm.go:81.31,83.6 1 1
github.com/geoscienceaustralia/go-rtcm/pkgs/rtcm3/msm.go:87.85,88.65 1 1
github.com/geoscienceaustralia/go-rtcm/pkgs/rtcm3/msm.go:91.5,91.53 1 1
github.com/geoscienceaustralia/go-rtcm/pkgs/rtcm3/msm.go:94.5,94.49 1 1
github.com/geoscienceaustralia/go-rtcm/pkgs/rtcm3/msm.go:97.5,97.66 1 1
github.com/geoscienceaustralia/go-rtcm/pkgs/rtcm3/msm.go:88.65,90.6 1 1
github.com/geoscienceaustralia/go-rtcm/pkgs/rtcm3/msm.go:91.53,93.6 1 1
github.com/geoscienceaustralia/go-rtcm/pkgs/rtcm3/msm.go:94.49,96.6 1 1
github.com/geoscienceaustralia/go-rtcm/pkgs/rtcm3/msm.go:97.66,99.6 1 1
github.com/geoscienceaustralia/go-rtcm/pkgs/rtcm3/msm.go:111.85,112.32 1 1
github.com/geoscienceaustralia/go-rtcm/pkgs/rtcm3/msm.go:115.5,115.32 1 1
github.com/geoscienceaustralia/go-rtcm/pkgs/rtcm3/msm.go:118.5,118.32 1 1
github.com/geoscienceaustralia/go-rtcm/pkgs/rtcm3/msm.go:121.5,121.32 1 1
github.com/geoscienceaustralia/go-rtcm/pkgs/rtcm3/msm.go:124.5,124.32 1 1
github.com/geoscienceaustralia/go-rtcm/pkgs/rtcm3/msm.go:127.5,127.32 1 1
github.com/geoscienceaustralia/go-rtcm/pkgs/rtcm3/msm.go:130.5,130.19 1 1
github.com/geoscienceaustralia/go-rtcm/pkgs/rtcm3/msm.go:112.32,114.6 1 1
github.com/geoscienceaustralia/go-rtcm/pkgs/rtcm3/msm.go:115.32,117.6 1 1
github.com/geoscienceaustralia/go-rtcm/pkgs/rtcm3/msm.go:118.32,120.6 1 1
github.com/geoscienceaustralia/go-rtcm/pkgs/rtcm3/msm.go:121.32,123.6 1 1
github.com/geoscienceaustralia/go-rtcm/pkgs/rtcm3/msm.go:124.32,126.6 1 1
github.com/geoscienceaustralia/go-rtcm/pkgs/rtcm3/msm.go:127.32,129.6 1 1
github.com/geoscienceaustralia/go-rtcm/pkgs/rtcm3/msm.go:139.40,141.2 1 0
github.com/geoscienceaustralia/go-rtcm/pkgs/rtcm3/msm.go:143.57,151.2 3 1
github.com/geoscienceaustralia/go-rtcm/pkgs/rtcm3/msm.go:153.50,165.61 9 1
github.com/geoscienceaustralia/go-rtcm/pkgs/rtcm3/msm.go:168.5,168.59 1 1
github.com/geoscienceaustralia/go-rtcm/pkgs/rtcm3/msm.go:171.5,171.67 1 1
github.com/geoscienceaustralia/go-rtcm/pkgs/rtcm3/msm.go:174.5,174.57 1 1
github.com/geoscienceaustralia/go-rtcm/pkgs/rtcm3/msm.go:177.5,177.45 1 1
github.com/geoscienceaustralia/go-rtcm/pkgs/rtcm3/msm.go:180.5,180.70 1 1
github.com/geoscienceaustralia/go-rtcm/pkgs/rtcm3/msm.go:184.5,186.16 3 1
github.com/geoscienceaustralia/go-rtcm/pkgs/rtcm3/msm.go:165.61,167.6 1 1
github.com/geoscienceaustralia/go-rtcm/pkgs/rtcm3/msm.go:168.59,170.6 1 1
github.com/geoscienceaustralia/go-rtcm/pkgs/rtcm3/msm.go:171.67,173.6 1 1
github.com/geoscienceaustralia/go-rtcm/pkgs/rtcm3/msm.go:174.57,176.6 1 1
github.com/geoscienceaustralia/go-rtcm/pkgs/rtcm3/msm.go:177.45,179.6 1 1
github.com/geoscienceaustralia/go-rtcm/pkgs/rtcm3/msm.go:180.70,182.6 1 1
github.com/geoscienceaustralia/go-rtcm/pkgs/rtcm3/msm.go:194.92,195.31 1 0
github.com/geoscienceaustralia/go-rtcm/pkgs/rtcm3/msm.go:198.5,198.31 1 0
github.com/geoscienceaustralia/go-rtcm/pkgs/rtcm3/msm.go:201.5,201.19 1 0
github.com/geoscienceaustralia/go-rtcm/pkgs/rtcm3/msm.go:195.31,197.6 1 0
github.com/geoscienceaustralia/go-rtcm/pkgs/rtcm3/msm.go:198.31,200.6 1 0
github.com/geoscienceaustralia/go-rtcm/pkgs/rtcm3/msm.go:204.85,205.65 1 0
github.com/geoscienceaustralia/go-rtcm/pkgs/rtcm3/msm.go:208.5,208.49 1 0
github.com/geoscienceaustralia/go-rtcm/pkgs/rtcm3/msm.go:205.65,207.6 1 0
github.com/geoscienceaustralia/go-rtcm/pkgs/rtcm3/msm.go:208.49,210.6 1 0
github.com/geoscienceaustralia/go-rtcm/pkgs/rtcm3/msm.go:221.85,222.32 1 0
github.com/geoscienceaustralia/go-rtcm/pkgs/rtcm3/msm.go:225.5,225.32 1 0
github.com/geoscienceaustralia/go-rtcm/pkgs/rtcm3/msm.go:228.5,228.32 1 0
github.com/geoscienceaustralia/go-rtcm/pkgs/rtcm3/msm.go:231.5,231.32 1 0
github.com/geoscienceaustralia/go-rtcm/pkgs/rtcm3/msm.go:234.5,234.32 1 0
github.com/geoscienceaustralia/go-rtcm/pkgs/rtcm3/msm.go:237.5,237.19 1 0
github.com/geoscienceaustralia/go-rtcm/pkgs/rtcm3/msm.go:222.32,224.6 1 0
github.com/geoscienceaustralia/go-rtcm/pkgs/rtcm3/msm.go:225.32,227.6 1 0
github.com/geoscienceaustralia/go-rtcm/pkgs/rtcm3/msm.go:228.32,230.6 1 0
github.com/geoscienceaustralia/go-rtcm/pkgs/rtcm3/msm.go:231.32,233.6 1 0
github.com/geoscienceaustralia/go-rtcm/pkgs/rtcm3/msm.go:234.32,236.6 1 0
github.com/geoscienceaustralia/go-rtcm/pkgs/rtcm3/msm.go:246.40,248.2 1 0
github.com/geoscienceaustralia/go-rtcm/pkgs/rtcm3/msm.go:250.57,258.2 3 0
github.com/geoscienceaustralia/go-rtcm/pkgs/rtcm3/msm.go:260.50,272.61 9 0
github.com/geoscienceaustralia/go-rtcm/pkgs/rtcm3/msm.go:275.5,275.59 1 0
github.com/geoscienceaustralia/go-rtcm/pkgs/rtcm3/msm.go:278.5,278.67 1 0
github.com/geoscienceaustralia/go-rtcm/pkgs/rtcm3/msm.go:281.5,281.57 1 0
github.com/geoscienceaustralia/go-rtcm/pkgs/rtcm3/msm.go:284.5,284.45 1 0
github.com/geoscienceaustralia/go-rtcm/pkgs/rtcm3/msm.go:288.5,290.16 3 0
github.com/geoscienceaustralia/go-rtcm/pkgs/rtcm3/msm.go:272.61,274.6 1 0
github.com/geoscienceaustralia/go-rtcm/pkgs/rtcm3/msm.go:275.59,277.6 1 0
github.com/geoscienceaustralia/go-rtcm/pkgs/rtcm3/msm.go:278.67,280.6 1 0
github.com/geoscienceaustralia/go-rtcm/pkgs/rtcm3/msm.go:281.57,283.6 1 0
github.com/geoscienceaustralia/go-rtcm/pkgs/rtcm3/msm.go:284.45,286.6 1 0
github.com/geoscienceaustralia/go-rtcm/pkgs/rtcm3/msm.go:302.85,303.32 1 0
github.com/geoscienceaustralia/go-rtcm/pkgs/rtcm3/msm.go:306.5,306.32 1 0
github.com/geoscienceaustralia/go-rtcm/pkgs/rtcm3/msm.go:309.5,309.32 1 0
github.com/geoscienceaustralia/go-rtcm/pkgs/rtcm3/msm.go:312.5,312.32 1 0
github.com/geoscienceaustralia/go-rtcm/pkgs/rtcm3/msm.go:315.5,315.32 1 0
github.com/geoscienceaustralia/go-rtcm/pkgs/rtcm3/msm.go:318.5,318.32 1 0
github.com/geoscienceaustralia/go-rtcm/pkgs/rtcm3/msm.go:321.5,321.19 1 0
github.com/geoscienceaustralia/go-rtcm/pkgs/rtcm3/msm.go:303.32,305.6 1 0
github.com/geoscienceaustralia/go-rtcm/pkgs/rtcm3/msm.go:306.32,308.6 1 0
github.com/geoscienceaustralia/go-rtcm/pkgs/rtcm3/msm.go:309.32,311.6 1 0
github.com/geoscienceaustralia/go-rtcm/pkgs/rtcm3/msm.go:312.32,314.6 1 0
github.com/geoscienceaustralia/go-rtcm/pkgs/rtcm3/msm.go:315.32,317.6 1 0
github.com/geoscienceaustralia/go-rtcm/pkgs/rtcm3/msm.go:318.32,320.6 1 0
github.com/geoscienceaustralia/go-rtcm/pkgs/rtcm3/msm.go:330.40,332.2 1 0
github.com/geoscienceaustralia/go-rtcm/pkgs/rtcm3/msm.go:334.54,342.2 3 0
github.com/geoscienceaustralia/go-rtcm/pkgs/rtcm3/msm.go:344.50,356.61 9 0
github.com/geoscienceaustralia/go-rtcm/pkgs/rtcm3/msm.go:359.5,359.59 1 0
github.com/geoscienceaustralia/go-rtcm/pkgs/rtcm3/msm.go:362.5,362.67 1 0
github.com/geoscienceaustralia/go-rtcm/pkgs/rtcm3/msm.go:365.5,365.57 1 0
github.com/geoscienceaustralia/go-rtcm/pkgs/rtcm3/msm.go:368.5,368.45 1 0
github.com/geoscienceaustralia/go-rtcm/pkgs/rtcm3/msm.go:371.5,371.70 1 0
github.com/geoscienceaustralia/go-rtcm/pkgs/rtcm3/msm.go:375.5,377.16 3 0
github.com/geoscienceaustralia/go-rtcm/pkgs/rtcm3/msm.go:356.61,358.6 1 0
github.com/geoscienceaustralia/go-rtcm/pkgs/rtcm3/msm.go:359.59,361.6 1 0
github.com/geoscienceaustralia/go-rtcm/pkgs/rtcm3/msm.go:362.67,364.6 1 0
github.com/geoscienceaustralia/go-rtcm/pkgs/rtcm3/msm.go:365.57,367.6 1 0
github.com/geoscienceaustralia/go-rtcm/pkgs/rtcm3/msm.go:368.45,370.6 1 0
github.com/geoscienceaustralia/go-rtcm/pkgs/rtcm3/msm.go:371.70,373.6 1 0
github.com/geoscienceaustralia/go-rtcm/pkgs/rtcm3/msm.go:388.85,389.32 1 0
github.com/geoscienceaustralia/go-rtcm/pkgs/rtcm3/msm.go:392.5,392.32 1 0
github.com/geoscienceaustralia/go-rtcm/pkgs/rtcm3/msm.go:395.5,395.32 1 0
github.com/geoscienceaustralia/go-rtcm/pkgs/rtcm3/msm.go:398.5,398.32 1 0
github.com/geoscienceaustralia/go-rtcm/pkgs/rtcm3/msm.go:401.5,401.32 1 0
github.com/geoscienceaustralia/go-rtcm/pkgs/rtcm3/msm.go:404.5,404.19 1 0
github.com/geoscienceaustralia/go-rtcm/pkgs/rtcm3/msm.go:389.32,391.6 1 0
github.com/geoscienceaustralia/go-rtcm/pkgs/rtcm3/msm.go:392.32,394.6 1 0
github.com/geoscienceaustralia/go-rtcm/pkgs/rtcm3/msm.go:395.32,397.6 1 0
github.com/geoscienceaustralia/go-rtcm/pkgs/rtcm3/msm.go:398.32,400.6 1 0
github.com/geoscienceaustralia/go-rtcm/pkgs/rtcm3/msm.go:401.32,403.6 1 0
github.com/geoscienceaustralia/go-rtcm/pkgs/rtcm3/msm.go:413.40,415.2 1 0
github.com/geoscienceaustralia/go-rtcm/pkgs/rtcm3/msm.go:417.54,425.2 3 0
github.com/geoscienceaustralia/go-rtcm/pkgs/rtcm3/msm.go:427.50,439.61 9 0
github.com/geoscienceaustralia/go-rtcm/pkgs/rtcm3/msm.go:442.5,442.59 1 0
github.com/geoscienceaustralia/go-rtcm/pkgs/rtcm3/msm.go:445.5,445.67 1 0
github.com/geoscienceaustralia/go-rtcm/pkgs/rtcm3/msm.go:448.5,448.57 1 0
github.com/geoscienceaustralia/go-rtcm/pkgs/rtcm3/msm.go:451.5,451.45 1 0
github.com/geoscienceaustralia/go-rtcm/pkgs/rtcm3/msm.go:455.5,457.16 3 0
github.com/geoscienceaustralia/go-rtcm/pkgs/rtcm3/msm.go:439.61,441.6 1 0
github.com/geoscienceaustralia/go-rtcm/pkgs/rtcm3/msm.go:442.59,444.6 1 0
github.com/geoscienceaustralia/go-rtcm/pkgs/rtcm3/msm.go:445.67,447.6 1 0
github.com/geoscienceaustralia/go-rtcm/pkgs/rtcm3/msm.go:448.57,450.6 1 0
github.com/geoscienceaustralia/go-rtcm/pkgs/rtcm3/msm.go:451.45,453.6 1 0
github.com/geoscienceaustralia/go-rtcm/pkgs/rtcm3/msm.go:464.94,465.31 1 0
github.com/geoscienceaustralia/go-rtcm/pkgs/rtcm3/msm.go:468.5,468.19 1 0
github.com/geoscienceaustralia/go-rtcm/pkgs/rtcm3/msm.go:465.31,467.6 1 0
github.com/geoscienceaustralia/go-rtcm/pkgs/rtcm3/msm.go:478.85,479.32 1 0
github.com/geoscienceaustralia/go-rtcm/pkgs/rtcm3/msm.go:482.5,482.32 1 0
github.com/geoscienceaustralia/go-rtcm/pkgs/rtcm3/msm.go:485.5,485.32 1 0
github.com/geoscienceaustralia/go-rtcm/pkgs/rtcm3/msm.go:488.5,488.32 1 0
github.com/geoscienceaustralia/go-rtcm/pkgs/rtcm3/msm.go:491.5,491.19 1 0
github.com/geoscienceaustralia/go-rtcm/pkgs/rtcm3/msm.go:479.32,481.6 1 0
github.com/geoscienceaustralia/go-rtcm/pkgs/rtcm3/msm.go:482.32,484.6 1 0
github.com/geoscienceaustralia/go-rtcm/pkgs/rtcm3/msm.go:485.32,487.6 1 0
github.com/geoscienceaustralia/go-rtcm/pkgs/rtcm3/msm.go:488.32,490.6 1 0
github.com/geoscienceaustralia/go-rtcm/pkgs/rtcm3/msm.go:500.40,502.2 1 0
github.com/geoscienceaustralia/go-rtcm/pkgs/rtcm3/msm.go:504.54,512.2 3 0
github.com/geoscienceaustralia/go-rtcm/pkgs/rtcm3/msm.go:514.50,525.53 8 0
github.com/geoscienceaustralia/go-rtcm/pkgs/rtcm3/msm.go:528.5,528.61 1 0
github.com/geoscienceaustralia/go-rtcm/pkgs/rtcm3/msm.go:531.5,531.59 1 0
github.com/geoscienceaustralia/go-rtcm/pkgs/rtcm3/msm.go:534.5,534.67 1 0
github.com/geoscienceaustralia/go-rtcm/pkgs/rtcm3/msm.go:537.5,537.57 1 0
github.com/geoscienceaustralia/go-rtcm/pkgs/rtcm3/msm.go:541.5,543.16 3 0
github.com/geoscienceaustralia/go-rtcm/pkgs/rtcm3/msm.go:525.53,527.6 1 0
github.com/geoscienceaustralia/go-rtcm/pkgs/rtcm3/msm.go:528.61,530.6 1 0
github.com/geoscienceaustralia/go-rtcm/pkgs/rtcm3/msm.go:531.59,533.6 1 0
github.com/geoscienceaustralia/go-rtcm/pkgs/rtcm3/msm.go:534.67,536.6 1 0
github.com/geoscienceaustralia/go-rtcm/pkgs/rtcm3/msm.go:537.57,539.6 1 0
github.com/geoscienceaustralia/go-rtcm/pkgs/rtcm3/msm.go:552.85,553.32 1 0
github.com/geoscienceaustralia/go-rtcm/pkgs/rtcm3/msm.go:556.5,556.32 1 0
github.com/geoscienceaustralia/go-rtcm/pkgs/rtcm3/msm.go:559.5,559.32 1 0
github.com/geoscienceaustralia/go-rtcm/pkgs/rtcm3/msm.go:562.5,562.19 1 0
github.com/geoscienceaustralia/go-rtcm/pkgs/rtcm3/msm.go:553.32,555.6 1 0
github.com/geoscienceaustralia/go-rtcm/pkgs/rtcm3/msm.go:556.32,558.6 1 0
github.com/geoscienceaustralia/go-rtcm/pkgs/rtcm3/msm.go:559.32,561.6 1 0
github.com/geoscienceaustralia/go-rtcm/pkgs/rtcm3/msm.go:571.40,573.2 1 0
github.com/geoscienceaustralia/go-rtcm/pkgs/rtcm3/msm.go:575.54,583.2 3 0
github.com/geoscienceaustralia/go-rtcm/pkgs/rtcm3/msm.go:585.50,596.53 8 0
github.com/geoscienceaustralia/go-rtcm/pkgs/rtcm3/msm.go:599.5,599.59 1 0
github.com/geoscienceaustralia/go-rtcm/pkgs/rtcm3/msm.go:602.5,602.67 1 0
github.com/geoscienceaustralia/go-rtcm/pkgs/rtcm3/msm.go:605.5,605.57 1 0
github.com/geoscienceaustralia/go-rtcm/pkgs/rtcm3/msm.go:609.5,611.16 3 0
github.com/geoscienceaustralia/go-rtcm/pkgs/rtcm3/msm.go:596.53,598.6 1 0
github.com/geoscienceaustralia/go-rtcm/pkgs/rtcm3/msm.go:599.59,601.6 1 0
github.com/geoscienceaustralia/go-rtcm/pkgs/rtcm3/msm.go:602.67,604.6 1 0
github.com/geoscienceaustralia/go-rtcm/pkgs/rtcm3/msm.go:605.57,607.6 1 0
github.com/geoscienceaustralia/go-rtcm/pkgs/rtcm3/msm.go:618.85,619.32 1 0
github.com/geoscienceaustralia/go-rtcm/pkgs/rtcm3/msm.go:622.5,622.19 1 0
github.com/geoscienceaustralia/go-rtcm/pkgs/rtcm3/msm.go:619.32,621.6 1 0
github.com/geoscienceaustralia/go-rtcm/pkgs/rtcm3/msm.go:631.40,633.2 1 0
github.com/geoscienceaustralia/go-rtcm/pkgs/rtcm3/msm.go:635.54,643.2 3 0
github.com/geoscienceaustralia/go-rtcm/pkgs/rtcm3/msm.go:645.50,656.53 8 0
github.com/geoscienceaustralia/go-rtcm/pkgs/rtcm3/msm.go:659.5,659.61 1 0
github.com/geoscienceaustralia/go-rtcm/pkgs/rtcm3/msm.go:663.5,665.16 3 0
github.com/geoscienceaustralia/go-rtcm/pkgs/rtcm3/msm.go:656.53,658.6 1 0
github.com/geoscienceaustralia/go-rtcm/pkgs/rtcm3/msm.go:659.61,661.6 1 0
github.com/geoscienceaustralia/go-rtcm/pkgs/rtcm3/msm.go:672.54,676.2 1 0
github.com/geoscienceaustralia/go-rtcm/pkgs/rtcm3/msm.go:678.41,680.2 1 0
github.com/geoscienceaustralia/go-rtcm/pkgs/rtcm3/msm.go:686.54,690.2 1 0
github.com/geoscienceaustralia/go-rtcm/pkgs/rtcm3/msm.go:692.41,694.2 1 0
github.com/geoscienceaustralia/go-rtcm/pkgs/rtcm3/msm.go:700.54,704.2 1 0
github.com/geoscienceaustralia/go-rtcm/pkgs/rtcm3/msm.go:706.41,708.2 1 0
github.com/geoscienceaustralia/go-rtcm/pkgs/rtcm3/msm.go:714.54,718.2 1 0
github.com/geoscienceaustralia/go-rtcm/pkgs/rtcm3/msm.go:720.41,722.2 1 0
github.com/geoscienceaustralia/go-rtcm/pkgs/rtcm3/msm.go:728.54,732.2 1 0
github.com/geoscienceaustralia/go-rtcm/pkgs/rtcm3/msm.go:734.41,736.2 1 0
github.com/geoscienceaustralia/go-rtcm/pkgs/rtcm3/msm.go:742.54,746.2 1 0
github.com/geoscienceaustralia/go-rtcm/pkgs/rtcm3/msm.go:748.41,750.2 1 0
github.com/geoscienceaustralia/go-rtcm/pkgs/rtcm3/msm.go:756.54,760.2 1 0
github.com/geoscienceaustralia/go-rtcm/pkgs/rtcm3/msm.go:762.41,764.2 1 0
github.com/geoscienceaustralia/go-rtcm/pkgs/rtcm3/msm.go:770.54,774.2 1 0
github.com/geoscienceaustralia/go-rtcm/pkgs/rtcm3/msm.go:776.41,778.2 1 0
github.com/geoscienceaustralia/go-rtcm/pkgs/rtcm3/msm.go:784.54,788.2 1 0
github.com/geoscienceaustralia/go-rtcm/pkgs/rtcm3/msm.go:790.41,792.2 1 0
github.com/geoscienceaustralia/go-rtcm/pkgs/rtcm3/msm.go:798.54,802.2 1 0
github.com/geoscienceaustralia/go-rtcm/pkgs/rtcm3/msm.go:804.41,806.2 1 0
github.com/geoscienceaustralia/go-rtcm/pkgs/rtcm3/msm.go:812.54,816.2 1 0
github.com/geoscienceaustralia/go-rtcm/pkgs/rtcm3/msm.go:818.41,820.2 1 0
github.com/geoscienceaustralia/go-rtcm/pkgs/rtcm3/msm.go:826.54,830.2 1 0
github.com/geoscienceaustralia/go-rtcm/pkgs/rtcm3/msm.go:832.41,834.2 1 0
github.com/geoscienceaustralia/go-rtcm/pkgs/rtcm3/msm.go:840.54,844.2 1 0
github.com/geoscienceaustralia/go-rtcm/pkgs/rtcm3/msm.go:846.41,848.2 1 0
github.com/geoscienceaustralia/go-rtcm/pkgs/rtcm3/msm.go:854.54,858.2 1 0
github.com/geoscienceaustralia/go-rtcm/pkgs/rtcm3/msm.go:860.41,862.2 1 0
github.com/geoscienceaustralia/go-rtcm/pkgs/rtcm3/msm.go:868.54,872.2 1 0
github.com/geoscienceaustralia/go-rtcm/pkgs/rtcm3/msm.go:874.41,876.2 1 0
github.com/geoscienceaustralia/go-rtcm/pkgs/rtcm3/msm.go:882.54,886.2 1 0
github.com/geoscienceaustralia/go-rtcm/pkgs/rtcm3/msm.go:888.41,890.2 1 0
github.com/geoscienceaustralia/go-rtcm/pkgs/rtcm3/msm.go:896.54,900.2 1 0
github.com/geoscienceaustralia/go-rtcm/pkgs/rtcm3/msm.go:902.41,904.2 1 0
github.com/geoscienceaustralia/go-rtcm/pkgs/rtcm3/msm.go:910.54,914.2 1 0
github.com/geoscienceaustralia/go-rtcm/pkgs/rtcm3/msm.go:916.41,918.2 1 0
github.com/geoscienceaustralia/go-rtcm/pkgs/rtcm3/msm.go:924.54,928.2 1 0
github.com/geoscienceaustralia/go-rtcm/pkgs/rtcm3/msm.go:930.41,932.2 1 0
github.com/geoscienceaustralia/go-rtcm/pkgs/rtcm3/msm.go:938.54,942.2 1 0
github.com/geoscienceaustralia/go-rtcm/pkgs/rtcm3/msm.go:944.41,946.2 1 0
github.com/geoscienceaustralia/go-rtcm/pkgs/rtcm3/msm.go:952.54,956.2 1 0
github.com/geoscienceaustralia/go-rtcm/pkgs/rtcm3/msm.go:958.41,960.2 1 0
github.com/geoscienceaustralia/go-rtcm/pkgs/rtcm3/msm.go:966.54,970.2 1 0
github.com/geoscienceaustralia/go-rtcm/pkgs/rtcm3/msm.go:972.41,974.2 1 0
github.com/geoscienceaustralia/go-rtcm/pkgs/rtcm3/msm.go:980.54,984.2 1 0
github.com/geoscienceaustralia/go-rtcm/pkgs/rtcm3/msm.go:986.41,988.2 1 0
github.com/geoscienceaustralia/go-rtcm/pkgs/rtcm3/msm.go:994.54,998.2 1 0
github.com/geoscienceaustralia/go-rtcm/pkgs/rtcm3/msm.go:1000.41,1002.2 1 0
github.com/geoscienceaustralia/go-rtcm/pkgs/rtcm3/msm.go:1008.54,1012.2 1 0
github.com/geoscienceaustralia/go-rtcm/pkgs/rtcm3/msm.go:1014.41,1016.2 1 0
github.com/geoscienceaustralia/go-rtcm/pkgs/rtcm3/msm.go:1022.54,1026.2 1 0
github.com/geoscienceaustralia/go-rtcm/pkgs/rtcm3/msm.go:1028.41,1030.2 1 0
github.com/geoscienceaustralia/go-rtcm/pkgs/rtcm3/msm.go:1036.54,1040.2 1 0
github.com/geoscienceaustralia/go-rtcm/pkgs/rtcm3/msm.go:1042.41,1044.2 1 0
github.com/geoscienceaustralia/go-rtcm/pkgs/rtcm3/msm.go:1050.54,1054.2 1 0
github.com/geoscienceaustralia/go-rtcm/pkgs/rtcm3/msm.go:1056.41,1058.2 1 0
github.com/geoscienceaustralia/go-rtcm/pkgs/rtcm3/msm.go:1064.54,1068.2 1 0
github.com/geoscienceaustralia/go-rtcm/pkgs/rtcm3/msm.go:1070.41,1072.2 1 0
github.com/geoscienceaustralia/go-rtcm/pkgs/rtcm3/msm.go:1078.54,1082.2 1 0
github.com/geoscienceaustralia/go-rtcm/pkgs/rtcm3/msm.go:1084.41,1086.2 1 0
github.com/geoscienceaustralia/go-rtcm/pkgs/rtcm3/msm.go:1092.54,1096.2 1 0
github.com/geoscienceaustralia/go-rtcm/pkgs/rtcm3/msm.go:1098.41,1100.2 1 0
github.com/geoscienceaustralia/go-rtcm/pkgs/rtcm3/msm.go:1106.54,1110.2 1 0
github.com/geoscienceaustralia/go-rtcm/pkgs/rtcm3/msm.go:1112.41,1114.2 1 0
github.com/geoscienceaustralia/go-rtcm/pkgs/rtcm3/msm.go:1120.54,1124.2 1 0
github.com/geoscienceaustralia/go-rtcm/pkgs/rtcm3/msm.go:1126.41,1128.2 1 0
github.com/geoscienceaustralia/go-rtcm/pkgs/rtcm3/msm.go:1134.54,1138.2 1 0
github.com/geoscienceaustralia/go-rtcm/pkgs/rtcm3/msm.go:1140.41,1142.2 1 0
github.com/geoscienceaustralia/go-rtcm/pkgs/rtcm3/msm.go:1148.54,1152.2 1 1
github.com/geoscienceaustralia/go-rtcm/pkgs/rtcm3/msm.go:1154.41,1156.2 1 0
github.com/geoscienceaustralia/go-rtcm/pkgs/rtcm3/msm.go:1162.54,1166.2 1 0
github.com/geoscienceaustralia/go-rtcm/pkgs/rtcm3/msm.go:1168.41,1170.2 1 0
github.com/geoscienceaustralia/go-rtcm/pkgs/rtcm3/msm.go:1176.54,1180.2 1 0
github.com/geoscienceaustralia/go-rtcm/pkgs/rtcm3/msm.go:1182.41,1184.2 1 0
github.com/geoscienceaustralia/go-rtcm/pkgs/rtcm3/msm.go:1190.54,1194.2 1 0
github.com/geoscienceaustralia/go-rtcm/pkgs/rtcm3/msm.go:1196.41,1198.2 1 0
github.com/geoscienceaustralia/go-rtcm/pkgs/rtcm3/msm.go:1204.54,1208.2 1 0
github.com/geoscienceaustralia/go-rtcm/pkgs/rtcm3/msm.go:1210.41,1212.2 1 0
github.com/geoscienceaustralia/go-rtcm/pkgs/rtcm3/msm.go:1218.54,1222.2 1 0
github.com/geoscienceaustralia/go-rtcm/pkgs/rtcm3/msm.go:1224.41,1226.2 1 0
github.com/geoscienceaustralia/go-rtcm/pkgs/rtcm3/msm.go:1232.54,1236.2 1 0
github.com/geoscienceaustralia/go-rtcm/pkgs/rtcm3/msm.go:1238.41,1240.2 1 0
github.com/geoscienceaustralia/go-rtcm/pkgs/rtcm3/msm.go:1246.54,1250.2 1 0
github.com/geoscienceaustralia/go-rtcm/pkgs/rtcm3/msm.go:1252.41,1254.2 1 0
github.com/geoscienceaustralia/go-rtcm/pkgs/rtcm3/residual.go:16.92,17.31 1 0
github.com/geoscienceaustralia/go-rtcm/pkgs/rtcm3/residual.go:27.5,27.19 1 0
github.com/geoscienceaustralia/go-rtcm/pkgs/rtcm3/residual.go:17.31,26.6 1 0
github.com/geoscienceaustralia/go-rtcm/pkgs/rtcm3/residual.go:39.40,41.2 1 0
github.com/geoscienceaustralia/go-rtcm/pkgs/rtcm3/residual.go:43.60,54.2 4 0
github.com/geoscienceaustralia/go-rtcm/pkgs/rtcm3/residual.go:56.50,58.2 1 0
github.com/geoscienceaustralia/go-rtcm/pkgs/rtcm3/residual.go:70.40,72.2 1 0
github.com/geoscienceaustralia/go-rtcm/pkgs/rtcm3/residual.go:74.60,85.2 4 0
github.com/geoscienceaustralia/go-rtcm/pkgs/rtcm3/residual.go:87.50,89.2 1 0
github.com/geoscienceaustralia/go-rtcm/pkgs/rtcm3/residual.go:101.40,103.2 1 0
github.com/geoscienceaustralia/go-rtcm/pkgs/rtcm3/residual.go:105.54,116.2 2 0
github.com/geoscienceaustralia/go-rtcm/pkgs/rtcm3/residual.go:118.50,120.2 1 0
github.com/geoscienceaustralia/go-rtcm/pkgs/rtcm3/rtcm3.go:17.55,20.31 2 1
github.com/geoscienceaustralia/go-rtcm/pkgs/rtcm3/rtcm3.go:21.19,21.58 1 1
github.com/geoscienceaustralia/go-rtcm/pkgs/rtcm3/rtcm3.go:22.19,22.58 1 1
github.com/geoscienceaustralia/go-rtcm/pkgs/rtcm3/rtcm3.go:23.19,23.58 1 1
github.com/geoscienceaustralia/go-rtcm/pkgs/rtcm3/rtcm3.go:24.19,24.58 1 1
github.com/geoscienceaustralia/go-rtcm/pkgs/rtcm3/rtcm3.go:25.19,25.58 1 1
github.com/geoscienceaustralia/go-rtcm/pkgs/rtcm3/rtcm3.go:26.19,26.58 1 1
github.com/geoscienceaustralia/go-rtcm/pkgs/rtcm3/rtcm3.go:27.19,27.58 1 1
github.com/geoscienceaustralia/go-rtcm/pkgs/rtcm3/rtcm3.go:28.19,28.58 1 1
github.com/geoscienceaustralia/go-rtcm/pkgs/rtcm3/rtcm3.go:29.19,29.58 1 1
github.com/geoscienceaustralia/go-rtcm/pkgs/rtcm3/rtcm3.go:30.19,30.58 1 1
github.com/geoscienceaustralia/go-rtcm/pkgs/rtcm3/rtcm3.go:31.19,31.58 1 1
github.com/geoscienceaustralia/go-rtcm/pkgs/rtcm3/rtcm3.go:32.19,32.58 1 1
github.com/geoscienceaustralia/go-rtcm/pkgs/rtcm3/rtcm3.go:33.19,33.58 1 1
github.com/geoscienceaustralia/go-rtcm/pkgs/rtcm3/rtcm3.go:34.19,34.58 1 1
github.com/geoscienceaustralia/go-rtcm/pkgs/rtcm3/rtcm3.go:35.19,35.58 1 1
github.com/geoscienceaustralia/go-rtcm/pkgs/rtcm3/rtcm3.go:36.19,36.58 1 1
github.com/geoscienceaustralia/go-rtcm/pkgs/rtcm3/rtcm3.go:37.19,37.58 1 0
github.com/geoscienceaustralia/go-rtcm/pkgs/rtcm3/rtcm3.go:38.19,38.58 1 0
github.com/geoscienceaustralia/go-rtcm/pkgs/rtcm3/rtcm3.go:39.19,39.58 1 0
github.com/geoscienceaustralia/go-rtcm/pkgs/rtcm3/rtcm3.go:40.19,40.58 1 1
github.com/geoscienceaustralia/go-rtcm/pkgs/rtcm3/rtcm3.go:41.19,41.58 1 0
github.com/geoscienceaustralia/go-rtcm/pkgs/rtcm3/rtcm3.go:42.19,42.58 1 0
github.com/geoscienceaustralia/go-rtcm/pkgs/rtcm3/rtcm3.go:43.19,43.58 1 0
github.com/geoscienceaustralia/go-rtcm/pkgs/rtcm3/rtcm3.go:44.19,44.58 1 0
github.com/geoscienceaustralia/go-rtcm/pkgs/rtcm3/rtcm3.go:45.19,45.58 1 0
github.com/geoscienceaustralia/go-rtcm/pkgs/rtcm3/rtcm3.go:46.19,46.58 1 0
github.com/geoscienceaustralia/go-rtcm/pkgs/rtcm3/rtcm3.go:47.19,47.58 1 0
github.com/geoscienceaustralia/go-rtcm/pkgs/rtcm3/rtcm3.go:48.19,48.58 1 0
github.com/geoscienceaustralia/go-rtcm/pkgs/rtcm3/rtcm3.go:49.19,49.58 1 0
github.com/geoscienceaustralia/go-rtcm/pkgs/rtcm3/rtcm3.go:50.19,50.58 1 0
github.com/geoscienceaustralia/go-rtcm/pkgs/rtcm3/rtcm3.go:51.19,51.58 1 0
github.com/geoscienceaustralia/go-rtcm/pkgs/rtcm3/rtcm3.go:52.19,52.58 1 0
github.com/geoscienceaustralia/go-rtcm/pkgs/rtcm3/rtcm3.go:53.19,53.58 1 0
github.com/geoscienceaustralia/go-rtcm/pkgs/rtcm3/rtcm3.go:54.19,54.58 1 0
github.com/geoscienceaustralia/go-rtcm/pkgs/rtcm3/rtcm3.go:55.19,55.58 1 0
github.com/geoscienceaustralia/go-rtcm/pkgs/rtcm3/rtcm3.go:56.19,56.58 1 0
github.com/geoscienceaustralia/go-rtcm/pkgs/rtcm3/rtcm3.go:57.19,57.58 1 0
github.com/geoscienceaustralia/go-rtcm/pkgs/rtcm3/rtcm3.go:58.19,58.58 1 0
github.com/geoscienceaustralia/go-rtcm/pkgs/rtcm3/rtcm3.go:59.19,59.58 1 0
github.com/geoscienceaustralia/go-rtcm/pkgs/rtcm3/rtcm3.go:60.19,60.58 1 0
github.com/geoscienceaustralia/go-rtcm/pkgs/rtcm3/rtcm3.go:61.19,61.58 1 0
github.com/geoscienceaustralia/go-rtcm/pkgs/rtcm3/rtcm3.go:62.19,62.58 1 0
github.com/geoscienceaustralia/go-rtcm/pkgs/rtcm3/rtcm3.go:63.19,63.58 1 0
github.com/geoscienceaustralia/go-rtcm/pkgs/rtcm3/rtcm3.go:64.19,64.58 1 0
github.com/geoscienceaustralia/go-rtcm/pkgs/rtcm3/rtcm3.go:65.19,65.58 1 0
github.com/geoscienceaustralia/go-rtcm/pkgs/rtcm3/rtcm3.go:66.19,66.58 1 0
github.com/geoscienceaustralia/go-rtcm/pkgs/rtcm3/rtcm3.go:67.19,67.58 1 0
github.com/geoscienceaustralia/go-rtcm/pkgs/rtcm3/rtcm3.go:68.19,68.58 1 0
github.com/geoscienceaustralia/go-rtcm/pkgs/rtcm3/rtcm3.go:69.19,69.58 1 0
github.com/geoscienceaustralia/go-rtcm/pkgs/rtcm3/rtcm3.go:70.19,70.58 1 0
github.com/geoscienceaustralia/go-rtcm/pkgs/rtcm3/rtcm3.go:71.19,71.58 1 0
github.com/geoscienceaustralia/go-rtcm/pkgs/rtcm3/rtcm3.go:72.19,72.58 1 0
github.com/geoscienceaustralia/go-rtcm/pkgs/rtcm3/rtcm3.go:73.19,73.58 1 0
github.com/geoscienceaustralia/go-rtcm/pkgs/rtcm3/rtcm3.go:74.19,74.58 1 0
github.com/geoscienceaustralia/go-rtcm/pkgs/rtcm3/rtcm3.go:75.19,75.58 1 1
github.com/geoscienceaustralia/go-rtcm/pkgs/rtcm3/rtcm3.go:76.19,76.58 1 0
github.com/geoscienceaustralia/go-rtcm/pkgs/rtcm3/rtcm3.go:77.19,77.58 1 0
github.com/geoscienceaustralia/go-rtcm/pkgs/rtcm3/rtcm3.go:78.19,78.58 1 0
github.com/geoscienceaustralia/go-rtcm/pkgs/rtcm3/rtcm3.go:79.19,79.58 1 0
github.com/geoscienceaustralia/go-rtcm/pkgs/rtcm3/rtcm3.go:80.19,80.58 1 0
github.com/geoscienceaustralia/go-rtcm/pkgs/rtcm3/rtcm3.go:81.19,81.58 1 0
github.com/geoscienceaustralia/go-rtcm/pkgs/rtcm3/rtcm3.go:82.19,82.58 1 0
github.com/geoscienceaustralia/go-rtcm/pkgs/rtcm3/rtcm3.go:83.19,83.58 1 0
github.com/geoscienceaustralia/go-rtcm/pkgs/rtcm3/rtcm3.go:84.17,85.43 1 0
github.com/geoscienceaustralia/go-rtcm/pkgs/rtcm3/rtcm3.go:94.46,96.2 1 0
github.com/geoscienceaustralia/go-rtcm/pkgs/rtcm3/rtcm3.go:98.55,100.2 1 0
github.com/geoscienceaustralia/go-rtcm/pkgs/rtcm3/rtcm3.go:118.52,129.2 4 0
github.com/geoscienceaustralia/go-rtcm/pkgs/rtcm3/rtcm3.go:131.39,141.2 9 1
github.com/geoscienceaustralia/go-rtcm/pkgs/rtcm3/rtcm3.go:143.70,147.19 2 1
github.com/geoscienceaustralia/go-rtcm/pkgs/rtcm3/rtcm3.go:148.5,148.34 1 1
github.com/geoscienceaustralia/go-rtcm/pkgs/rtcm3/rtcm3.go:150.5,151.19 2 1
github.com/geoscienceaustralia/go-rtcm/pkgs/rtcm3/rtcm3.go:153.5,156.19 4 1
github.com/geoscienceaustralia/go-rtcm/pkgs/rtcm3/rtcm3.go:158.5,169.48 4 1
github.com/geoscienceaustralia/go-rtcm/pkgs/rtcm3/rtcm3.go:173.5,174.22 2 1
github.com/geoscienceaustralia/go-rtcm/pkgs/rtcm3/rtcm3.go:147.19,147.40 1 0
github.com/geoscienceaustralia/go-rtcm/pkgs/rtcm3/rtcm3.go:148.34,148.82 1 0
github.com/geoscienceaustralia/go-rtcm/pkgs/rtcm3/rtcm3.go:151.19,151.40 1 0
github.com/geoscienceaustralia/go-rtcm/pkgs/rtcm3/rtcm3.go:156.19,156.40 1 0
github.com/geoscienceaustralia/go-rtcm/pkgs/rtcm3/rtcm3.go:169.48,171.6 1 0
github.com/geoscienceaustralia/go-rtcm/pkgs/rtcm3/rtcm3.go:182.38,184.2 1 0
github.com/geoscienceaustralia/go-rtcm/pkgs/rtcm3/rtcm3.go:186.60,187.9 1 0
github.com/geoscienceaustralia/go-rtcm/pkgs/rtcm3/rtcm3.go:187.9,189.23 2 0
github.com/geoscienceaustralia/go-rtcm/pkgs/rtcm3/rtcm3.go:193.9,193.54 1 0
github.com/geoscienceaustralia/go-rtcm/pkgs/rtcm3/rtcm3.go:189.23,190.81 1 0
github.com/geoscienceaustralia/go-rtcm/pkgs/rtcm3/rtcm3.go:191.13,191.28 1 0
github.com/geoscienceaustralia/go-rtcm/pkgs/rtcm3/rtcm3.go:190.81,190.91 1 0
github.com/geoscienceaustralia/go-rtcm/pkgs/rtcm3/system.go:24.40,26.2 1 0
github.com/geoscienceaustralia/go-rtcm/pkgs/rtcm3/system.go:28.60,38.48 3 1
github.com/geoscienceaustralia/go-rtcm/pkgs/rtcm3/system.go:45.5,45.15 1 1
github.com/geoscienceaustralia/go-rtcm/pkgs/rtcm3/system.go:38.48,44.6 1 0
github.com/geoscienceaustralia/go-rtcm/pkgs/rtcm3/system.go:48.43,57.36 9 1
github.com/geoscienceaustralia/go-rtcm/pkgs/rtcm3/system.go:62.5,64.16 3 1
github.com/geoscienceaustralia/go-rtcm/pkgs/rtcm3/system.go:57.36,61.6 3 0
github.com/geoscienceaustralia/go-rtcm/pkgs/rtcm3/system.go:77.40,79.2 1 0
github.com/geoscienceaustralia/go-rtcm/pkgs/rtcm3/system.go:81.60,93.2 4 1
github.com/geoscienceaustralia/go-rtcm/pkgs/rtcm3/system.go:95.43,106.2 10 1
github.com/geoscienceaustralia/go-rtcm/pkgs/rtcm3/types.go:10.46,12.18 2 1
github.com/geoscienceaustralia/go-rtcm/pkgs/rtcm3/types.go:15.5,15.13 1 1
github.com/geoscienceaustralia/go-rtcm/pkgs/rtcm3/types.go:12.18,14.6 1 1
github.com/geoscienceaustralia/go-rtcm/pkgs/rtcm3/types.go:18.48,20.18 2 1
github.com/geoscienceaustralia/go-rtcm/pkgs/rtcm3/types.go:23.5,23.13 1 1
github.com/geoscienceaustralia/go-rtcm/pkgs/rtcm3/types.go:20.18,22.6 1 0
github.com/geoscienceaustralia/go-rtcm/pkgs/rtcm3/types.go:26.48,28.18 2 1
github.com/geoscienceaustralia/go-rtcm/pkgs/rtcm3/types.go:31.5,31.13 1 1
github.com/geoscienceaustralia/go-rtcm/pkgs/rtcm3/types.go:28.18,30.6 1 1
github.com/geoscienceaustralia/go-rtcm/pkgs/rtcm3/types.go:34.55,36.17 2 1
github.com/geoscienceaustralia/go-rtcm/pkgs/rtcm3/types.go:39.5,39.46 1 1
github.com/geoscienceaustralia/go-rtcm/pkgs/rtcm3/types.go:36.17,38.6 1 1
github.com/geoscienceaustralia/go-rtcm/pkgs/rtcm3/types.go:42.57,44.17 2 1
github.com/geoscienceaustralia/go-rtcm/pkgs/rtcm3/types.go:47.5,47.48 1 1
github.com/geoscienceaustralia/go-rtcm/pkgs/rtcm3/types.go:44.17,46.6 1 0
github.com/geoscienceaustralia/go-rtcm/pkgs/rtcm3/types.go:50.57,52.17 2 1
github.com/geoscienceaustralia/go-rtcm/pkgs/rtcm3/types.go:55.5,55.48 1 1
github.com/geoscienceaustralia/go-rtcm/pkgs/rtcm3/types.go:52.17,54.6 1 1
github.com/geoscienceaustralia/go-rtcm/pkgs/rtcm3/antenna.go:24.50,26.2 1 0
github.com/geoscienceaustralia/go-rtcm/pkgs/rtcm3/antenna.go:28.71,46.2 17 1
github.com/geoscienceaustralia/go-rtcm/pkgs/rtcm3/antenna.go:48.74,65.2 2 1
github.com/geoscienceaustralia/go-rtcm/pkgs/rtcm3/antenna.go:71.54,75.2 1 1
github.com/geoscienceaustralia/go-rtcm/pkgs/rtcm3/antenna.go:77.50,79.2 1 1
github.com/geoscienceaustralia/go-rtcm/pkgs/rtcm3/antenna.go:86.60,92.2 3 1
github.com/geoscienceaustralia/go-rtcm/pkgs/rtcm3/antenna.go:94.50,99.2 4 1
github.com/geoscienceaustralia/go-rtcm/pkgs/rtcm3/antenna.go:108.52,110.2 1 0
github.com/geoscienceaustralia/go-rtcm/pkgs/rtcm3/antenna.go:112.84,120.2 4 1
github.com/geoscienceaustralia/go-rtcm/pkgs/rtcm3/antenna.go:122.71,131.2 8 1
github.com/geoscienceaustralia/go-rtcm/pkgs/rtcm3/antenna.go:137.54,142.2 2 1
github.com/geoscienceaustralia/go-rtcm/pkgs/rtcm3/antenna.go:144.43,146.2 1 1
github.com/geoscienceaustralia/go-rtcm/pkgs/rtcm3/antenna.go:153.60,160.2 4 1
github.com/geoscienceaustralia/go-rtcm/pkgs/rtcm3/antenna.go:162.43,166.2 3 1
github.com/geoscienceaustralia/go-rtcm/pkgs/rtcm3/antenna.go:176.40,178.2 1 0
github.com/geoscienceaustralia/go-rtcm/pkgs/rtcm3/antenna.go:180.60,190.2 7 1
github.com/geoscienceaustralia/go-rtcm/pkgs/rtcm3/antenna.go:192.43,203.2 10 1
github.com/geoscienceaustralia/go-rtcm/pkgs/rtcm3/crc24q.go:29.33,31.32 2 1
github.com/geoscienceaustralia/go-rtcm/pkgs/rtcm3/crc24q.go:35.5,35.36 1 1
github.com/geoscienceaustralia/go-rtcm/pkgs/rtcm3/crc24q.go:31.32,33.6 1 1
github.com/geoscienceaustralia/go-rtcm/pkgs/rtcm3/gps.go:9.34,14.2 4 0
github.com/geoscienceaustralia/go-rtcm/pkgs/rtcm3/gps.go:26.55,28.2 1 0
github.com/geoscienceaustralia/go-rtcm/pkgs/rtcm3/gps.go:30.77,40.2 1 1
github.com/geoscienceaustralia/go-rtcm/pkgs/rtcm3/gps.go:42.67,54.2 11 1
github.com/geoscienceaustralia/go-rtcm/pkgs/rtcm3/gps.go:64.95,65.34 1 1
github.com/geoscienceaustralia/go-rtcm/pkgs/rtcm3/gps.go:74.5,74.19 1 1
github.com/geoscienceaustralia/go-rtcm/pkgs/rtcm3/gps.go:65.34,73.6 1 1
github.com/geoscienceaustralia/go-rtcm/pkgs/rtcm3/gps.go:82.54,89.2 3 1
github.com/geoscienceaustralia/go-rtcm/pkgs/rtcm3/gps.go:91.43,95.41 4 1
github.com/geoscienceaustralia/go-rtcm/pkgs/rtcm3/gps.go:102.5,104.42 3 1
github.com/geoscienceaustralia/go-rtcm/pkgs/rtcm3/gps.go:95.41,101.6 5 1
github.com/geoscienceaustralia/go-rtcm/pkgs/rtcm3/gps.go:107.41,109.2 1 0
github.com/geoscienceaustralia/go-rtcm/pkgs/rtcm3/gps.go:121.95,122.34 1 1
github.com/geoscienceaustralia/go-rtcm/pkgs/rtcm3/gps.go:133.5,133.19 1 1
github.com/geoscienceaustralia/go-rtcm/pkgs/rtcm3/gps.go:122.34,132.6 1 1
github.com/geoscienceaustralia/go-rtcm/pkgs/rtcm3/gps.go:141.54,148.2 3 1
github.com/geoscienceaustralia/go-rtcm/pkgs/rtcm3/gps.go:150.43,154.41 4 1
github.com/geoscienceaustralia/go-rtcm/pkgs/rtcm3/gps.go:163.5,165.42 3 1
github.com/geoscienceaustralia/go-rtcm/pkgs/rtcm3/gps.go:154.41,162.6 7 1
github.com/geoscienceaustralia/go-rtcm/pkgs/rtcm3/gps.go:168.41,170.2 1 0
github.com/geoscienceaustralia/go-rtcm/pkgs/rtcm3/gps.go:185.95,186.34 1 1
github.com/geoscienceaustralia/go-rtcm/pkgs/rtcm3/gps.go:199.5,199.19 1 1
github.com/geoscienceaustralia/go-rtcm/pkgs/rtcm3/gps.go:186.34,198.6 1 1
github.com/geoscienceaustralia/go-rtcm/pkgs/rtcm3/gps.go:207.54,214.2 3 1
github.com/geoscienceaustralia/go-rtcm/pkgs/rtcm3/gps.go:216.43,220.41 4 1
github.com/geoscienceaustralia/go-rtcm/pkgs/rtcm3/gps.go:231.5,233.42 3 1
github.com/geoscienceaustralia/go-rtcm/pkgs/rtcm3/gps.go:220.41,230.6 9 1
github.com/geoscienceaustralia/go-rtcm/pkgs/rtcm3/gps.go:236.41,238.2 1 0
github.com/geoscienceaustralia/go-rtcm/pkgs/rtcm3/gps.go:256.95,257.34 1 1
github.com/geoscienceaustralia/go-rtcm/pkgs/rtcm3/gps.go:273.5,273.19 1 1
github.com/geoscienceaustralia/go-rtcm/pkgs/rtcm3/gps.go:257.34,272.6 1 1
github.com/geoscienceaustralia/go-rtcm/pkgs/rtcm3/gps.go:281.54,288.2 3 1
github.com/geoscienceaustralia/go-rtcm/pkgs/rtcm3/gps.go:290.43,294.41 4 1
github.com/geoscienceaustralia/go-rtcm/pkgs/rtcm3/gps.go:308.5,310.42 3 1
github.com/geoscienceaustralia/go-rtcm/pkgs/rtcm3/gps.go:294.41,307.6 12 1
github.com/geoscienceaustralia/go-rtcm/pkgs/rtcm3/gps.go:313.41,315.2 1 0
github.com/geoscienceaustralia/go-rtcm/pkgs/rtcm3/gps.go:352.40,354.2 1 0
github.com/geoscienceaustralia/go-rtcm/pkgs/rtcm3/gps.go:356.54,391.2 2 1
github.com/geoscienceaustralia/go-rtcm/pkgs/rtcm3/gps.go:393.43,429.2 35 1
